<?xml version="1.0" encoding="UTF-8"?>
<!-- Generated by org.testng.reporters.JUnitReportReporter -->
<testsuite skipped="0" hostname="LAPTOP-3QHODDFO" name="com.epam.tat.module4.LogicalFunctionality.IsPositiveTest" tests="3" failures="0" timestamp="2020-07-13T22:10:30 ALMT" time="0.002" errors="0">
  <testcase name="isPositiveTest" time="0.000" classname="com.epam.tat.module4.LogicalFunctionality.IsPositiveTest"/>
  <system-out/>
  <testcase name="isPositiveTest" time="0.001" classname="com.epam.tat.module4.LogicalFunctionality.IsPositiveTest"/>
  <system-out/>
  <testcase name="isPositiveTest" time="0.001" classname="com.epam.tat.module4.LogicalFunctionality.IsPositiveTest"/>
  <system-out/>
</testsuite> <!-- com.epam.tat.module4.LogicalFunctionality.IsPositiveTest -->
