<?xml version="1.0" encoding="UTF-8"?>
<!-- Generated by org.testng.reporters.JUnitReportReporter -->
<testsuite skipped="0" hostname="LAPTOP-3QHODDFO" name="com.epam.tat.module4.ArithmeticFunctionality.SumLongTest" tests="3" failures="0" timestamp="2020-07-13T22:10:30 ALMT" time="0.005" errors="0">
  <testcase name="sumLongTest" time="0.000" classname="com.epam.tat.module4.ArithmeticFunctionality.SumLongTest"/>
  <system-out/>
  <testcase name="sumLongTest" time="0.000" classname="com.epam.tat.module4.ArithmeticFunctionality.SumLongTest"/>
  <system-out/>
  <testcase name="sumLongTest" time="0.005" classname="com.epam.tat.module4.ArithmeticFunctionality.SumLongTest"/>
  <system-out/>
</testsuite> <!-- com.epam.tat.module4.ArithmeticFunctionality.SumLongTest -->
